Determining if the pthread_create exist failed with the following output:
Change Dir: /home/drew/SCHOOL/AuE893Spring20_DrewBarnett/catkin_auefinals/build/CMakeFiles/CMakeTmp

Run Build Command:"/usr/bin/make" "cmTC_08c59/fast"
/usr/bin/make -f CMakeFiles/cmTC_08c59.dir/build.make CMakeFiles/cmTC_08c59.dir/build
make[1]: Entering directory '/home/drew/SCHOOL/AuE893Spring20_DrewBarnett/catkin_auefinals/build/CMakeFiles/CMakeTmp'
Building C object CMakeFiles/cmTC_08c59.dir/CheckSymbolExists.c.o
/usr/bin/cc     -o CMakeFiles/cmTC_08c59.dir/CheckSymbolExists.c.o   -c /home/drew/SCHOOL/AuE893Spring20_DrewBarnett/catkin_auefinals/build/CMakeFiles/CMakeTmp/CheckSymbolExists.c
Linking C executable cmTC_08c59
/usr/bin/cmake -E cmake_link_script CMakeFiles/cmTC_08c59.dir/link.txt --verbose=1
/usr/bin/cc       CMakeFiles/cmTC_08c59.dir/CheckSymbolExists.c.o  -o cmTC_08c59 -rdynamic 
CMakeFiles/cmTC_08c59.dir/CheckSymbolExists.c.o: In function `main':
CheckSymbolExists.c:(.text+0x16): undefined reference to `pthread_create'
collect2: error: ld returned 1 exit status
CMakeFiles/cmTC_08c59.dir/build.make:97: recipe for target 'cmTC_08c59' failed
make[1]: *** [cmTC_08c59] Error 1
make[1]: Leaving directory '/home/drew/SCHOOL/AuE893Spring20_DrewBarnett/catkin_auefinals/build/CMakeFiles/CMakeTmp'
Makefile:126: recipe for target 'cmTC_08c59/fast' failed
make: *** [cmTC_08c59/fast] Error 2

File /home/drew/SCHOOL/AuE893Spring20_DrewBarnett/catkin_auefinals/build/CMakeFiles/CMakeTmp/CheckSymbolExists.c:
/* */
#include <pthread.h>

int main(int argc, char** argv)
{
  (void)argv;
#ifndef pthread_create
  return ((int*)(&pthread_create))[argc];
#else
  (void)argc;
  return 0;
#endif
}

Determining if the function pthread_create exists in the pthreads failed with the following output:
Change Dir: /home/drew/SCHOOL/AuE893Spring20_DrewBarnett/catkin_auefinals/build/CMakeFiles/CMakeTmp

Run Build Command:"/usr/bin/make" "cmTC_efe80/fast"
/usr/bin/make -f CMakeFiles/cmTC_efe80.dir/build.make CMakeFiles/cmTC_efe80.dir/build
make[1]: Entering directory '/home/drew/SCHOOL/AuE893Spring20_DrewBarnett/catkin_auefinals/build/CMakeFiles/CMakeTmp'
Building C object CMakeFiles/cmTC_efe80.dir/CheckFunctionExists.c.o
/usr/bin/cc    -DCHECK_FUNCTION_EXISTS=pthread_create   -o CMakeFiles/cmTC_efe80.dir/CheckFunctionExists.c.o   -c /usr/share/cmake-3.5/Modules/CheckFunctionExists.c
Linking C executable cmTC_efe80
/usr/bin/cmake -E cmake_link_script CMakeFiles/cmTC_efe80.dir/link.txt --verbose=1
/usr/bin/cc   -DCHECK_FUNCTION_EXISTS=pthread_create    CMakeFiles/cmTC_efe80.dir/CheckFunctionExists.c.o  -o cmTC_efe80 -rdynamic -lpthreads 
/usr/bin/ld: cannot find -lpthreads
collect2: error: ld returned 1 exit status
CMakeFiles/cmTC_efe80.dir/build.make:97: recipe for target 'cmTC_efe80' failed
make[1]: *** [cmTC_efe80] Error 1
make[1]: Leaving directory '/home/drew/SCHOOL/AuE893Spring20_DrewBarnett/catkin_auefinals/build/CMakeFiles/CMakeTmp'
Makefile:126: recipe for target 'cmTC_efe80/fast' failed
make: *** [cmTC_efe80/fast] Error 2


